TN:
SF:src/modules/appointments/services/CreateAppointmentService.ts
FN:15,(anonymous_18)
FN:16,CreateAppointmentService
FN:20,(anonymous_20)
FNF:3
FNH:3
FNDA:1,(anonymous_18)
FNDA:5,CreateAppointmentService
FNDA:7,(anonymous_20)
DA:3,1
DA:5,1
DA:6,1
DA:15,1
DA:18,5
DA:20,1
DA:21,7
DA:22,7
DA:23,7
DA:25,7
DA:27,7
DA:28,2
DA:31,5
DA:32,1
DA:35,4
DA:36,1
DA:40,3
DA:44,3
DA:45,1
DA:48,2
DA:54,2
DA:56,1
DA:57,1
LF:23
LH:23
BRDA:27,0,0,2
BRDA:27,0,1,5
BRDA:31,1,0,1
BRDA:31,1,1,4
BRDA:35,2,0,1
BRDA:35,2,1,3
BRDA:35,3,0,4
BRDA:35,3,1,3
BRDA:44,4,0,1
BRDA:44,4,1,2
BRF:10
BRH:10
end_of_record
TN:
SF:src/modules/appointments/services/ListProviderDayAvailabilityService.ts
FN:19,(anonymous_17)
FN:20,ListProviderDayAvailabilityService
FN:24,(anonymous_19)
FN:42,(anonymous_22)
FN:45,(anonymous_23)
FN:47,(anonymous_24)
FNF:6
FNH:6
FNDA:1,(anonymous_17)
FNDA:1,ListProviderDayAvailabilityService
FNDA:1,(anonymous_19)
FNDA:10,(anonymous_22)
FNDA:10,(anonymous_23)
FNDA:19,(anonymous_24)
DA:2,1
DA:3,1
DA:4,1
DA:19,1
DA:22,1
DA:24,1
DA:25,1
DA:26,1
DA:27,1
DA:28,1
DA:30,1
DA:39,1
DA:40,1
DA:42,10
DA:44,1
DA:45,1
DA:46,10
DA:47,19
DA:50,10
DA:52,10
DA:58,1
DA:60,1
DA:62,1
LF:23
LH:23
BRDA:30,0,0,1
BRDA:54,1,0,10
BRDA:54,1,1,8
BRF:3
BRH:3
end_of_record
TN:
SF:src/modules/appointments/services/ListProviderMonthAvailabilityService.ts
FN:18,(anonymous_17)
FN:19,ListProviderMonthAvailabilityService
FN:23,(anonymous_19)
FN:40,(anonymous_22)
FN:43,(anonymous_23)
FN:44,(anonymous_24)
FNF:6
FNH:6
FNDA:1,(anonymous_17)
FNDA:1,ListProviderMonthAvailabilityService
FNDA:1,(anonymous_19)
FNDA:31,(anonymous_22)
FNDA:31,(anonymous_23)
FNDA:341,(anonymous_24)
DA:2,1
DA:3,1
DA:4,1
DA:18,1
DA:21,1
DA:23,1
DA:24,1
DA:25,1
DA:26,1
DA:28,1
DA:36,1
DA:38,1
DA:40,31
DA:43,1
DA:44,31
DA:45,341
DA:47,31
DA:52,1
DA:54,1
DA:56,1
LF:20
LH:20
BRDA:28,0,0,1
BRF:1
BRH:1
end_of_record
TN:
SF:src/modules/appointments/services/ListProvidersService.ts
FN:10,(anonymous_17)
FN:11,ListProvidersService
FN:15,(anonymous_19)
FNF:3
FNH:3
FNDA:1,(anonymous_17)
FNDA:1,ListProvidersService
FNDA:1,(anonymous_19)
DA:3,1
DA:10,1
DA:13,1
DA:15,1
DA:16,1
DA:20,1
DA:22,1
DA:24,1
LF:8
LH:8
BRDA:16,0,0,1
BRF:1
BRH:1
end_of_record
TN:
SF:src/modules/users/services/AuthenticateUserService.ts
FN:20,(anonymous_18)
FN:21,AuthenticateUserService
FN:27,(anonymous_20)
FNF:3
FNH:3
FNDA:1,(anonymous_18)
FNDA:3,AuthenticateUserService
FNDA:3,(anonymous_20)
DA:2,1
DA:3,1
DA:4,1
DA:7,1
DA:20,1
DA:23,3
DA:25,3
DA:27,3
DA:28,3
DA:29,3
DA:30,1
DA:32,2
DA:36,2
DA:37,1
DA:40,1
DA:42,1
DA:46,1
DA:51,1
DA:53,1
LF:19
LH:19
BRDA:28,0,0,3
BRDA:29,1,0,1
BRDA:29,1,1,2
BRDA:36,2,0,1
BRDA:36,2,1,1
BRF:5
BRH:5
end_of_record
TN:
SF:src/modules/users/services/CreateUserService.ts
FN:14,(anonymous_18)
FN:15,CreateUserService
FN:21,(anonymous_20)
FNF:3
FNH:3
FNDA:2,(anonymous_18)
FNDA:5,CreateUserService
FNDA:5,(anonymous_20)
DA:1,2
DA:5,2
DA:14,2
DA:17,5
DA:19,5
DA:21,5
DA:22,5
DA:23,5
DA:24,1
DA:27,4
DA:28,4
DA:33,4
DA:35,2
DA:36,2
LF:14
LH:14
BRDA:22,0,0,5
BRDA:23,1,0,1
BRDA:23,1,1,4
BRF:3
BRH:3
end_of_record
TN:
SF:src/modules/users/services/ResetPasswordService.ts
FN:15,(anonymous_18)
FN:16,ResetPasswordService
FN:24,(anonymous_20)
FNF:3
FNH:3
FNDA:1,(anonymous_18)
FNDA:4,ResetPasswordService
FNDA:4,(anonymous_20)
DA:5,1
DA:6,1
DA:7,1
DA:15,1
DA:18,4
DA:20,4
DA:22,4
DA:24,4
DA:25,4
DA:26,4
DA:27,1
DA:29,3
DA:30,3
DA:31,1
DA:34,2
DA:36,2
DA:37,1
DA:39,1
DA:40,2
DA:42,1
DA:43,1
LF:21
LH:21
BRDA:25,0,0,4
BRDA:26,1,0,1
BRDA:26,1,1,3
BRDA:30,2,0,1
BRDA:30,2,1,2
BRDA:36,3,0,1
BRDA:36,3,1,1
BRF:7
BRH:7
end_of_record
TN:
SF:src/modules/users/services/SendForgotPasswordEmailService.ts
FN:13,(anonymous_18)
FN:14,SendForgotPasswordEmailService
FN:22,(anonymous_20)
FNF:3
FNH:3
FNDA:1,(anonymous_18)
FNDA:3,SendForgotPasswordEmailService
FNDA:3,(anonymous_20)
DA:1,1
DA:5,1
DA:6,1
DA:13,1
DA:16,3
DA:18,3
DA:20,3
DA:22,3
DA:23,3
DA:25,3
DA:26,1
DA:28,2
DA:30,2
DA:37,4
DA:52,1
DA:53,1
LF:16
LH:16
BRDA:23,0,0,3
BRDA:25,1,0,1
BRDA:25,1,1,2
BRF:3
BRH:3
end_of_record
TN:
SF:src/modules/users/services/ShowProfileService.ts
FN:11,(anonymous_18)
FN:12,ShowProfileService
FN:16,(anonymous_20)
FNF:3
FNH:3
FNDA:1,(anonymous_18)
FNDA:2,ShowProfileService
FNDA:2,(anonymous_20)
DA:2,1
DA:4,1
DA:11,1
DA:14,2
DA:16,2
DA:17,2
DA:18,2
DA:19,1
DA:21,1
DA:23,1
DA:25,1
LF:11
LH:11
BRDA:17,0,0,2
BRDA:18,1,0,1
BRDA:18,1,1,1
BRF:3
BRH:3
end_of_record
TN:
SF:src/modules/users/services/UpdateProfileService.ts
FN:16,(anonymous_18)
FN:17,UpdateProfileService
FN:23,(anonymous_20)
FNF:3
FNH:3
FNDA:1,(anonymous_18)
FNDA:6,UpdateProfileService
FNDA:6,(anonymous_20)
DA:2,1
DA:5,1
DA:16,1
DA:19,6
DA:21,6
DA:23,1
DA:24,6
DA:25,6
DA:26,6
DA:27,6
DA:28,6
DA:30,6
DA:31,6
DA:32,1
DA:35,5
DA:37,5
DA:38,1
DA:41,4
DA:42,4
DA:44,4
DA:45,1
DA:48,4
DA:49,2
DA:54,2
DA:55,1
DA:57,1
DA:60,2
DA:62,1
DA:64,1
LF:29
LH:29
BRDA:30,0,0,6
BRDA:30,0,1,2
BRDA:31,1,0,1
BRDA:31,1,1,5
BRDA:37,2,0,1
BRDA:37,2,1,4
BRDA:37,3,0,5
BRDA:37,3,1,2
BRDA:44,4,0,1
BRDA:44,4,1,3
BRDA:44,5,0,4
BRDA:44,5,1,3
BRDA:48,6,0,1
BRDA:48,6,1,2
BRDA:48,7,0,3
BRDA:48,7,1,2
BRDA:54,8,0,1
BRDA:54,8,1,1
BRF:18
BRH:18
end_of_record
TN:
SF:src/modules/users/services/UpdateUserAvatarService.ts
FN:13,(anonymous_18)
FN:14,UpdateUserAvatarService
FN:20,(anonymous_20)
FNF:3
FNH:3
FNDA:1,(anonymous_18)
FNDA:3,UpdateUserAvatarService
FNDA:4,(anonymous_20)
DA:2,1
DA:4,1
DA:13,1
DA:16,3
DA:18,3
DA:20,4
DA:21,4
DA:22,4
DA:23,1
DA:25,5
DA:26,2
DA:28,3
DA:29,3
DA:30,6
DA:31,3
DA:33,1
DA:35,1
LF:17
LH:17
BRDA:21,0,0,4
BRDA:21,0,1,3
BRDA:22,1,0,1
BRDA:22,1,1,3
BRDA:25,2,0,2
BRDA:25,2,1,1
BRF:6
BRH:6
end_of_record
